mod	trans_guid	split_guid	time_now	date_entered	date_posted	acc_guid	acc_name	num	description	notes	memo	action	reconciled	amount	value	date_reconciled
-----------------
===== START
C	d36e0be5bd8caee6743ed97b46ad0c6b	1ec5ce1a7b583bcb661c48eaf159e65e	2018-02-14 20:32:08.000000 -0600	2018-02-14 20:32:08.000000 -0600	2017-12-28 04:59:00.000000 -0600	2c5207d7341d76efee321a219bc4146f	Charge Account		Relay Module				n	-391/100	-391/100	1969-12-31 18:00:00.000000 -0600
C	d36e0be5bd8caee6743ed97b46ad0c6b	2d7bc8118f7642f4c5de3321a9452bf1	2018-02-14 20:32:08.000000 -0600	2018-02-14 20:32:08.000000 -0600	2017-12-28 04:59:00.000000 -0600	ef897fb5157c450cc888ce2e26f019a2	Electronics		Relay Module				n	391/100	391/100	1969-12-31 18:00:00.000000 -0600
===== END
===== START
===== END
===== START
C	bea5c63e80c45b89e6dcb1e47abb5564	bfc8905936631f96f37183ab47eed581	2018-02-14 20:33:00.000000 -0600	2018-02-14 20:33:00.000000 -0600	2017-12-28 04:59:00.000000 -0600	2c5207d7341d76efee321a219bc4146f	Charge Account		Opto-Isolators				n	-135/100	-135/100	1969-12-31 18:00:00.000000 -0600
C	bea5c63e80c45b89e6dcb1e47abb5564	8e8fc867904a668380f5d745e7991a97	2018-02-14 20:33:00.000000 -0600	2018-02-14 20:33:00.000000 -0600	2017-12-28 04:59:00.000000 -0600	ef897fb5157c450cc888ce2e26f019a2	Electronics		Opto-Isolators				n	135/100	135/100	1969-12-31 18:00:00.000000 -0600
===== END
===== START
===== END
===== START
C	ec95f6e2bb939fd12548a3ae6a062b0c	1ea536ad465337fb5e22c4a1f8ee2a8f	2018-02-14 20:33:33.000000 -0600	2018-02-14 20:33:33.000000 -0600	2017-12-28 04:59:00.000000 -0600	2c5207d7341d76efee321a219bc4146f	Charge Account		Anti-Etching PCB Pens				n	-58/100	-58/100	1969-12-31 18:00:00.000000 -0600
C	ec95f6e2bb939fd12548a3ae6a062b0c	9558419d221615dfb54a9464f10d2014	2018-02-14 20:33:33.000000 -0600	2018-02-14 20:33:33.000000 -0600	2017-12-28 04:59:00.000000 -0600	adbae3caa785631927e7e1f886ba0f55	Printing Supplies		Anti-Etching PCB Pens				n	58/100	58/100	1969-12-31 18:00:00.000000 -0600
===== END
===== START
===== END
===== START
C	b5f5bd3fec664b50df1195a6815bb253	f6b2034b4f0050891783276380691a57	2018-02-14 20:35:10.000000 -0600	2018-02-14 20:35:10.000000 -0600	2017-12-28 04:59:00.000000 -0600	2c5207d7341d76efee321a219bc4146f	Charge Account		Motor Driver Controller Module				n	-149/100	-149/100	1969-12-31 18:00:00.000000 -0600
C	b5f5bd3fec664b50df1195a6815bb253	563d54cf81be3752a17efb73459b29bf	2018-02-14 20:35:10.000000 -0600	2018-02-14 20:35:10.000000 -0600	2017-12-28 04:59:00.000000 -0600	ef897fb5157c450cc888ce2e26f019a2	Electronics		Motor Driver Controller Module				n	149/100	149/100	1969-12-31 18:00:00.000000 -0600
===== END
===== START
===== END
===== START
C	d81dae11e7f2617f333322c9c695b8c9	aa9dcec8af53a6433fa308294517f9fe	2018-02-14 20:35:52.000000 -0600	2018-02-14 20:35:52.000000 -0600	2017-11-28 04:59:00.000000 -0600	2c5207d7341d76efee321a219bc4146f	Charge Account		Prototype Boards				n	-138/100	-138/100	1969-12-31 18:00:00.000000 -0600
C	d81dae11e7f2617f333322c9c695b8c9	31058463a3b88b35192517122c337817	2018-02-14 20:35:52.000000 -0600	2018-02-14 20:35:52.000000 -0600	2017-11-28 04:59:00.000000 -0600	ef897fb5157c450cc888ce2e26f019a2	Electronics		Prototype Boards				n	138/100	138/100	1969-12-31 18:00:00.000000 -0600
===== END
===== START
===== END
===== START
C	51f74c6db2a63f874c5f5213cb6d88a4	7fcdd1c4c49c967e847b706780832bf4	2018-02-14 20:36:52.000000 -0600	2018-02-14 20:36:52.000000 -0600	2017-11-30 04:59:00.000000 -0600	2c5207d7341d76efee321a219bc4146f	Charge Account		RS232 Driver ICs				n	-75/100	-75/100	1969-12-31 18:00:00.000000 -0600
C	51f74c6db2a63f874c5f5213cb6d88a4	c6d3daded6a2933741c3a3413a928f2d	2018-02-14 20:36:52.000000 -0600	2018-02-14 20:36:52.000000 -0600	2017-11-30 04:59:00.000000 -0600	ef897fb5157c450cc888ce2e26f019a2	Electronics		RS232 Driver ICs				n	75/100	75/100	1969-12-31 18:00:00.000000 -0600
===== END
===== START
===== END
