mod	trans_guid	split_guid	time_now	date_entered	date_posted	acc_guid	acc_name	num	description	notes	memo	action	reconciled	amount	value	date_reconciled
-----------------
===== START
===== END
===== START
D	64b9686c517db6c95e808ec7d5cbda2b	3727ed4cebfa7593b2c4d866e0c4d3c4	2018-02-14 20:05:48.000000 -0600	2018-02-14 20:05:48.000000 -0600	2018-02-14 04:59:00.000000 -0600								n	0/1	0/100	1969-12-31 18:00:00.000000 -0600
===== END
===== START
===== END
===== START
C	583ca941c38152323c642f2e86814ba5	e261cde4ef7e4ef6af31a394937905c5	2018-02-14 20:06:50.000000 -0600	2018-02-14 20:06:50.000000 -0600	2018-01-27 04:59:00.000000 -0600	365211ebe169766b3841c8d0276c359a	Expenses		Opening Balance				n	150000/100	150000/100	1969-12-31 18:00:00.000000 -0600
C	583ca941c38152323c642f2e86814ba5	43ff1ffa8a06ec151b6a40c4db3c5132	2018-02-14 20:06:50.000000 -0600	2018-02-14 20:06:50.000000 -0600	2018-01-27 04:59:00.000000 -0600	a53eb105c482d63d2137b0524c633648	Opening Balances		Opening Balance				n	-150000/100	-150000/100	1969-12-31 18:00:00.000000 -0600
===== END
===== START
===== END
===== START
B	583ca941c38152323c642f2e86814ba5	e261cde4ef7e4ef6af31a394937905c5	2018-02-14 20:08:09.000000 -0600	2018-02-14 20:06:50.000000 -0600	2018-01-27 04:59:00.000000 -0600	365211ebe169766b3841c8d0276c359a	Expenses		Opening Balance				n	150000/100	150000/100	1969-12-31 18:00:00.000000 -0600
B	583ca941c38152323c642f2e86814ba5	43ff1ffa8a06ec151b6a40c4db3c5132	2018-02-14 20:08:09.000000 -0600	2018-02-14 20:06:50.000000 -0600	2018-01-27 04:59:00.000000 -0600	a53eb105c482d63d2137b0524c633648	Opening Balances		Opening Balance				n	-150000/100	-150000/100	1969-12-31 18:00:00.000000 -0600
===== END
===== START
C	583ca941c38152323c642f2e86814ba5	43ff1ffa8a06ec151b6a40c4db3c5132	2018-02-14 20:08:09.000000 -0600	2018-02-14 20:06:50.000000 -0600	2018-01-27 04:59:00.000000 -0600	a53eb105c482d63d2137b0524c633648	Opening Balances		Opening Balance				n	-150000/100	-150000/100	1969-12-31 18:00:00.000000 -0600
C	583ca941c38152323c642f2e86814ba5	102ec4bd0ea4ecd27a85742b6d19f594	2018-02-14 20:08:09.000000 -0600	2018-02-14 20:06:50.000000 -0600	2018-01-27 04:59:00.000000 -0600	a4c7464d0167c11dce53db9df847db17	Imbalance-USD		Opening Balance				n	150000/100	150000/100	1969-12-31 18:00:00.000000 -0600
===== END
===== START
D	100d1c998d829463fb59292208fac229	01b8999bc9ef687691b1f6f47add250c	2018-02-14 20:08:09.000000 -0600	2018-02-14 20:08:09.000000 -0600	2018-02-14 04:59:00.000000 -0600								n	0/1	0/100	1969-12-31 18:00:00.000000 -0600
===== END
===== START
===== END
===== START
D	d2d93c0a58cdeee98e65b3e9e93dd11a	464185b691b7c299ebb571246079b7b2	2018-02-14 20:08:20.000000 -0600	2018-02-14 20:08:20.000000 -0600	2018-02-14 04:59:00.000000 -0600								n	0/1	0/100	1969-12-31 18:00:00.000000 -0600
===== END
===== START
===== END
===== START
D	a629dc30070562b76663a7445ebe5155	1b107b03e223d03a74cfce9e744536ff	2018-02-14 20:08:37.000000 -0600	2018-02-14 20:08:37.000000 -0600	2018-02-14 04:59:00.000000 -0600								n	0/1	0/100	1969-12-31 18:00:00.000000 -0600
===== END
===== START
B	583ca941c38152323c642f2e86814ba5	102ec4bd0ea4ecd27a85742b6d19f594	2018-02-14 20:08:42.000000 -0600	2018-02-14 20:06:50.000000 -0600	2018-01-27 04:59:00.000000 -0600	a4c7464d0167c11dce53db9df847db17	Imbalance-USD		Opening Balance				n	150000/100	150000/100	1969-12-31 18:00:00.000000 -0600
B	583ca941c38152323c642f2e86814ba5	43ff1ffa8a06ec151b6a40c4db3c5132	2018-02-14 20:08:42.000000 -0600	2018-02-14 20:06:50.000000 -0600	2018-01-27 04:59:00.000000 -0600	a53eb105c482d63d2137b0524c633648	Opening Balances		Opening Balance				n	-150000/100	-150000/100	1969-12-31 18:00:00.000000 -0600
===== END
===== START
C	583ca941c38152323c642f2e86814ba5	102ec4bd0ea4ecd27a85742b6d19f594	2018-02-14 20:08:42.000000 -0600	2018-02-14 20:06:50.000000 -0600	2018-01-27 04:59:00.000000 -0600	a4c7464d0167c11dce53db9df847db17	Imbalance-USD		Opening Balance				n	0/100	0/100	1969-12-31 18:00:00.000000 -0600
===== END
===== START
B	583ca941c38152323c642f2e86814ba5	102ec4bd0ea4ecd27a85742b6d19f594	2018-02-14 20:08:46.000000 -0600	2018-02-14 20:06:50.000000 -0600	2018-01-27 04:59:00.000000 -0600	a4c7464d0167c11dce53db9df847db17	Imbalance-USD		Opening Balance				n	0/100	0/100	1969-12-31 18:00:00.000000 -0600
===== END
===== START
D	583ca941c38152323c642f2e86814ba5	102ec4bd0ea4ecd27a85742b6d19f594	2018-02-14 20:08:46.000000 -0600	2018-02-14 20:06:50.000000 -0600	2018-01-27 04:59:00.000000 -0600	a4c7464d0167c11dce53db9df847db17	Imbalance-USD		Opening Balance				n	0/100	0/100	1969-12-31 18:00:00.000000 -0600
===== END
