mod	trans_guid	split_guid	time_now	date_entered	date_posted	acc_guid	acc_name	num	description	notes	memo	action	reconciled	amount	value	date_reconciled
-----------------
===== START
D	7f79bc4e544d78d0e1aab3b988a805e1	9f7ad90498754ee971f774d3a70af6bc	2018-02-14 20:55:53.000000 -0600	2018-02-14 20:55:53.000000 -0600	2018-12-01 04:59:00.000000 -0600								n	0/1	0/100	1969-12-31 18:00:00.000000 -0600
===== END
===== START
===== END
===== START
C	100ac1d3a86d398e8847abdd6c6a34b9	1bc2c172d552e21afd32aee7809615f5	2018-02-14 20:58:24.000000 -0600	2018-02-14 20:58:24.000000 -0600	2017-12-28 04:59:00.000000 -0600	2c5207d7341d76efee321a219bc4146f	Charge Account		Breakout Boards - OSH PARK				n	-2200/100	-2200/100	1969-12-31 18:00:00.000000 -0600
C	100ac1d3a86d398e8847abdd6c6a34b9	432d3492c4eea2900e28343c49e14f21	2018-02-14 20:58:24.000000 -0600	2018-02-14 20:58:24.000000 -0600	2017-12-28 04:59:00.000000 -0600	ef897fb5157c450cc888ce2e26f019a2	Electronics		Breakout Boards - OSH PARK				n	2200/100	2200/100	1969-12-31 18:00:00.000000 -0600
===== END
===== START
===== END
===== START
B	3bc5c78af2e65409d5da9b923c690744	fcce2961e0d41491f9d1b4d707d2e370	2018-02-14 20:58:40.000000 -0600	2018-02-14 20:18:30.000000 -0600	2018-01-27 04:59:00.000000 -0600	2c5207d7341d76efee321a219bc4146f	Charge Account		The maximum amount I am willing to spend.				n	150000/100	150000/100	1969-12-31 18:00:00.000000 -0600
B	3bc5c78af2e65409d5da9b923c690744	85017edc0c7f9485c973cd69863a631a	2018-02-14 20:58:40.000000 -0600	2018-02-14 20:18:30.000000 -0600	2018-01-27 04:59:00.000000 -0600	2558899bd090627182e57c46ef343ada	Starting Balance		The maximum amount I am willing to spend.				n	-150000/100	-150000/100	1969-12-31 18:00:00.000000 -0600
===== END
===== START
C	3bc5c78af2e65409d5da9b923c690744	fcce2961e0d41491f9d1b4d707d2e370	2018-02-14 20:58:40.000000 -0600	2018-02-14 20:18:30.000000 -0600	2018-01-01 04:59:00.000000 -0600	2c5207d7341d76efee321a219bc4146f	Charge Account		The maximum amount I am willing to spend.				n	150000/100	150000/100	1969-12-31 18:00:00.000000 -0600
C	3bc5c78af2e65409d5da9b923c690744	85017edc0c7f9485c973cd69863a631a	2018-02-14 20:58:40.000000 -0600	2018-02-14 20:18:30.000000 -0600	2018-01-01 04:59:00.000000 -0600	2558899bd090627182e57c46ef343ada	Starting Balance		The maximum amount I am willing to spend.				n	-150000/100	-150000/100	1969-12-31 18:00:00.000000 -0600
===== END
===== START
B	100ac1d3a86d398e8847abdd6c6a34b9	432d3492c4eea2900e28343c49e14f21	2018-02-14 21:00:01.000000 -0600	2018-02-14 20:58:24.000000 -0600	2017-12-28 04:59:00.000000 -0600	ef897fb5157c450cc888ce2e26f019a2	Electronics		Breakout Boards - OSH PARK				n	2200/100	2200/100	1969-12-31 18:00:00.000000 -0600
B	100ac1d3a86d398e8847abdd6c6a34b9	1bc2c172d552e21afd32aee7809615f5	2018-02-14 21:00:01.000000 -0600	2018-02-14 20:58:24.000000 -0600	2017-12-28 04:59:00.000000 -0600	2c5207d7341d76efee321a219bc4146f	Charge Account		Breakout Boards - OSH PARK				n	-2200/100	-2200/100	1969-12-31 18:00:00.000000 -0600
===== END
===== START
C	100ac1d3a86d398e8847abdd6c6a34b9	432d3492c4eea2900e28343c49e14f21	2018-02-14 21:00:01.000000 -0600	2018-02-14 20:58:24.000000 -0600	2017-12-28 04:59:00.000000 -0600	ef897fb5157c450cc888ce2e26f019a2	Electronics		Breakout Boards - OSH PARK LOST RECIEPT				n	2200/100	2200/100	1969-12-31 18:00:00.000000 -0600
C	100ac1d3a86d398e8847abdd6c6a34b9	1bc2c172d552e21afd32aee7809615f5	2018-02-14 21:00:01.000000 -0600	2018-02-14 20:58:24.000000 -0600	2017-12-28 04:59:00.000000 -0600	2c5207d7341d76efee321a219bc4146f	Charge Account		Breakout Boards - OSH PARK LOST RECIEPT				n	-2200/100	-2200/100	1969-12-31 18:00:00.000000 -0600
===== END
