mod	trans_guid	split_guid	time_now	date_entered	date_posted	acc_guid	acc_name	num	description	notes	memo	action	reconciled	amount	value	date_reconciled
-----------------
===== START
D	9d8247fabe29f9828c67e371e5b405a1	0c57b3e9e9a553bd744d80031ecd907d	2018-02-14 21:02:29.000000 -0600	2018-02-14 21:02:29.000000 -0600	2018-02-14 04:59:00.000000 -0600								n	0/1	0/100	1969-12-31 18:00:00.000000 -0600
===== END
===== START
D	5f3b300e0b60e3770d4bdd7e80388b65	14b9308887be2ef4fcf7e2c523e4332b	2018-02-14 21:02:33.000000 -0600	2018-02-14 21:02:33.000000 -0600	2018-01-27 04:59:00.000000 -0600								n	0/1	0/100	1969-12-31 18:00:00.000000 -0600
===== END
===== START
D	426fa25857e2f79f648addd3fcf12f67	04e775fcf15f38473902ebe951326bab	2018-02-14 21:02:35.000000 -0600	2018-02-14 21:02:35.000000 -0600	2018-01-16 04:59:00.000000 -0600								n	0/1	0/100	1969-12-31 18:00:00.000000 -0600
===== END
===== START
D	d463ce5eb8b8729bff3a8034df1f9384	8b0dd63728c841fc4876273165dd1ef3	2018-02-14 21:02:36.000000 -0600	2018-02-14 21:02:36.000000 -0600	2018-01-16 04:59:00.000000 -0600								n	0/1	0/100	1969-12-31 18:00:00.000000 -0600
===== END
===== START
===== END
===== START
D	f88a27356ac9eeea204586586c063968	ec6e598a874ef37287c89b6d2834d9dc	2018-02-14 21:03:39.000000 -0600	2018-02-14 21:03:39.000000 -0600	2018-02-14 04:59:00.000000 -0600								n	0/1	0/100	1969-12-31 18:00:00.000000 -0600
===== END
===== START
===== END
===== START
===== END
