mod	trans_guid	split_guid	time_now	date_entered	date_posted	acc_guid	acc_name	num	description	notes	memo	action	reconciled	amount	value	date_reconciled
-----------------
===== START
C	8e5184c6c0753fcd5268c4b902736e01	8cadf5dc5a7900d16a22dd9e75cc1102	2018-02-14 20:45:38.000000 -0600	2018-02-14 20:45:38.000000 -0600	2018-01-07 04:59:00.000000 -0600	2c5207d7341d76efee321a219bc4146f	Charge Account		Terminal Crimping Tool				n	-1999/100	-1999/100	1969-12-31 18:00:00.000000 -0600
C	8e5184c6c0753fcd5268c4b902736e01	957a26af7c831d65603e4887f962421a	2018-02-14 20:45:38.000000 -0600	2018-02-14 20:45:38.000000 -0600	2018-01-07 04:59:00.000000 -0600	9df4457e8e5a34a6c80788cba0970809	Tools		Terminal Crimping Tool				n	1999/100	1999/100	1969-12-31 18:00:00.000000 -0600
===== END
===== START
===== END
===== START
C	42952dbe1f555e6d65f2b70d956ece10	6fd978132f37d4626293f4d9646e2e31	2018-02-14 20:47:47.000000 -0600	2018-02-14 20:47:47.000000 -0600	2018-01-22 04:59:00.000000 -0600	2c5207d7341d76efee321a219bc4146f	Charge Account		Limit Switches, USB Cables				n	-1658/100	-1658/100	1969-12-31 18:00:00.000000 -0600
C	42952dbe1f555e6d65f2b70d956ece10	5b651dc32f11b3433ac9b9bbb1933dcd	2018-02-14 20:47:47.000000 -0600	2018-02-14 20:47:47.000000 -0600	2018-01-22 04:59:00.000000 -0600	ef897fb5157c450cc888ce2e26f019a2	Electronics		Limit Switches, USB Cables				n	1658/100	1658/100	1969-12-31 18:00:00.000000 -0600
===== END
===== START
===== END
===== START
C	eb16e76d1c8c997d8a7c58c7a7ae4587	d6307d08f2fb92a9437cd23dd975325d	2018-02-14 20:48:11.000000 -0600	2018-02-14 20:48:11.000000 -0600	2018-01-22 04:59:00.000000 -0600	2c5207d7341d76efee321a219bc4146f	Charge Account		Hot Glue				n	-999/100	-999/100	1969-12-31 18:00:00.000000 -0600
C	eb16e76d1c8c997d8a7c58c7a7ae4587	d0c30e2b39a68600a9169f0f8090236d	2018-02-14 20:48:11.000000 -0600	2018-02-14 20:48:11.000000 -0600	2018-01-22 04:59:00.000000 -0600	44efec136b4ca3c3423adb6efb1c8805	Building Materials		Hot Glue				n	999/100	999/100	1969-12-31 18:00:00.000000 -0600
===== END
===== START
===== END
===== START
C	f0dfac7f43def740eb54cc9062e901dc	ce3e341dd33bc8fc4c511686c7ac8691	2018-02-14 20:48:54.000000 -0600	2018-02-14 20:48:54.000000 -0600	2018-01-22 04:59:00.000000 -0600	2c5207d7341d76efee321a219bc4146f	Charge Account		Toner, Transparency Film				n	-4247/100	-4247/100	1969-12-31 18:00:00.000000 -0600
C	f0dfac7f43def740eb54cc9062e901dc	eca8748540a0f26475e27f268bc70afe	2018-02-14 20:48:54.000000 -0600	2018-02-14 20:48:54.000000 -0600	2018-01-22 04:59:00.000000 -0600	adbae3caa785631927e7e1f886ba0f55	Printing Supplies		Toner, Transparency Film				n	4247/100	4247/100	1969-12-31 18:00:00.000000 -0600
===== END
===== START
===== END
===== START
C	c674bf65554e706c92f0e5ec4b3fd8dd	3b5427776cd08ad35e3896a0d0b5cefd	2018-02-14 20:49:45.000000 -0600	2018-02-14 20:49:45.000000 -0600	2018-01-27 04:59:00.000000 -0600	2c5207d7341d76efee321a219bc4146f	Charge Account		Debounce ICs				n	-1362/100	-1362/100	1969-12-31 18:00:00.000000 -0600
C	c674bf65554e706c92f0e5ec4b3fd8dd	c0f2db6780ebf32d25bdbd73243502b0	2018-02-14 20:49:45.000000 -0600	2018-02-14 20:49:45.000000 -0600	2018-01-27 04:59:00.000000 -0600	ef897fb5157c450cc888ce2e26f019a2	Electronics		Debounce ICs				n	1362/100	1362/100	1969-12-31 18:00:00.000000 -0600
===== END
===== START
===== END
