mod	trans_guid	split_guid	time_now	date_entered	date_posted	acc_guid	acc_name	num	description	notes	memo	action	reconciled	amount	value	date_reconciled
-----------------
===== START
C	3823e001e53d4503ad567859e00409ed	34f42e27ca13a888ee643df6043cfc08	2018-02-14 20:26:15.000000 -0600	2018-02-14 20:26:15.000000 -0600	2018-01-13 04:59:00.000000 -0600	2c5207d7341d76efee321a219bc4146f	Charge Account		Wood Dowels				n	-1233/100	-1233/100	1969-12-31 18:00:00.000000 -0600
C	3823e001e53d4503ad567859e00409ed	5e8092fb48aa0d6961a81b87a9d281c4	2018-02-14 20:26:15.000000 -0600	2018-02-14 20:26:15.000000 -0600	2018-01-13 04:59:00.000000 -0600	44efec136b4ca3c3423adb6efb1c8805	Building Materials		Wood Dowels				n	1233/100	1233/100	1969-12-31 18:00:00.000000 -0600
===== END
===== START
===== END
===== START
C	3a4e5118b75571053926cab077701aac	6b897cce49942e33aec342a8a5d537dc	2018-02-14 20:27:36.000000 -0600	2018-02-14 20:27:36.000000 -0600	2017-12-30 04:59:00.000000 -0600	2c5207d7341d76efee321a219bc4146f	Charge Account		Staplegun				n	0/100	0/100	1969-12-31 18:00:00.000000 -0600
C	3a4e5118b75571053926cab077701aac	69d17354f407a566dbf1ab30427c966b	2018-02-14 20:27:36.000000 -0600	2018-02-14 20:27:36.000000 -0600	2017-12-30 04:59:00.000000 -0600	9df4457e8e5a34a6c80788cba0970809	Tools		Staplegun				n	0/100	0/100	1969-12-31 18:00:00.000000 -0600
===== END
===== START
===== END
===== START
B	3a4e5118b75571053926cab077701aac	6b897cce49942e33aec342a8a5d537dc	2018-02-14 20:27:44.000000 -0600	2018-02-14 20:27:36.000000 -0600	2017-12-30 04:59:00.000000 -0600	2c5207d7341d76efee321a219bc4146f	Charge Account		Staplegun				n	0/100	0/100	1969-12-31 18:00:00.000000 -0600
B	3a4e5118b75571053926cab077701aac	69d17354f407a566dbf1ab30427c966b	2018-02-14 20:27:44.000000 -0600	2018-02-14 20:27:36.000000 -0600	2017-12-30 04:59:00.000000 -0600	9df4457e8e5a34a6c80788cba0970809	Tools		Staplegun				n	0/100	0/100	1969-12-31 18:00:00.000000 -0600
===== END
===== START
C	3a4e5118b75571053926cab077701aac	6b897cce49942e33aec342a8a5d537dc	2018-02-14 20:27:44.000000 -0600	2018-02-14 20:27:36.000000 -0600	2017-12-30 04:59:00.000000 -0600	2c5207d7341d76efee321a219bc4146f	Charge Account		Staplegun				n	-1370/100	-1370/100	1969-12-31 18:00:00.000000 -0600
C	3a4e5118b75571053926cab077701aac	69d17354f407a566dbf1ab30427c966b	2018-02-14 20:27:44.000000 -0600	2018-02-14 20:27:36.000000 -0600	2017-12-30 04:59:00.000000 -0600	9df4457e8e5a34a6c80788cba0970809	Tools		Staplegun				n	1370/100	1370/100	1969-12-31 18:00:00.000000 -0600
===== END
===== START
C	63e8845a8024c9b6b1594e4432d28d76	1e71b2db88114d4cfbc0beb9e3108bfc	2018-02-14 20:29:03.000000 -0600	2018-02-14 20:29:03.000000 -0600	2018-01-01 04:59:00.000000 -0600	2c5207d7341d76efee321a219bc4146f	Charge Account		1x2 Lumber, Discount Lumber				n	-311/100	-311/100	1969-12-31 18:00:00.000000 -0600
C	63e8845a8024c9b6b1594e4432d28d76	dee5480ebfb84a6738667d033371b730	2018-02-14 20:29:03.000000 -0600	2018-02-14 20:29:03.000000 -0600	2018-01-01 04:59:00.000000 -0600	44efec136b4ca3c3423adb6efb1c8805	Building Materials		1x2 Lumber, Discount Lumber				n	311/100	311/100	1969-12-31 18:00:00.000000 -0600
===== END
===== START
===== END
===== START
C	48abf76eb861770f6b2a3e30ff3c61a3	50cc02393f7481a8efec9b3ad9516e61	2018-02-14 20:29:40.000000 -0600	2018-02-14 20:29:40.000000 -0600	2017-06-21 05:59:00.000000 -0500	2c5207d7341d76efee321a219bc4146f	Charge Account		Terminal Blocks				n	-107/100	-107/100	1969-12-31 18:00:00.000000 -0600
C	48abf76eb861770f6b2a3e30ff3c61a3	a876b0cdbf5308bd3e1b1c13b1dd1c86	2018-02-14 20:29:40.000000 -0600	2018-02-14 20:29:40.000000 -0600	2017-06-21 05:59:00.000000 -0500	ef897fb5157c450cc888ce2e26f019a2	Electronics		Terminal Blocks				n	107/100	107/100	1969-12-31 18:00:00.000000 -0600
===== END
===== START
===== END
===== START
C	b21cb5b1614db29442999f01158cfbc0	75e2f68d61d4309be9c2de625d35f3b3	2018-02-14 20:30:30.000000 -0600	2018-02-14 20:30:30.000000 -0600	2017-06-26 05:59:00.000000 -0500	2c5207d7341d76efee321a219bc4146f	Charge Account		RS485 IC Transciever ICs				n	-347/100	-347/100	1969-12-31 18:00:00.000000 -0600
C	b21cb5b1614db29442999f01158cfbc0	458a0d5c5ea4475a44b4626a2327a1e7	2018-02-14 20:30:30.000000 -0600	2018-02-14 20:30:30.000000 -0600	2017-06-26 05:59:00.000000 -0500	ef897fb5157c450cc888ce2e26f019a2	Electronics		RS485 IC Transciever ICs				n	347/100	347/100	1969-12-31 18:00:00.000000 -0600
===== END
===== START
===== END
