mod	trans_guid	split_guid	time_now	date_entered	date_posted	acc_guid	acc_name	num	description	notes	memo	action	reconciled	amount	value	date_reconciled
-----------------
===== START
===== END
===== START
C	0fc00cb393e0dc2b0c87cd8fd61edd6c	8507f900138645b824bfcad863c71635	2018-02-14 20:15:34.000000 -0600	2018-02-14 20:15:34.000000 -0600	2018-01-16 04:59:00.000000 -0600	44efec136b4ca3c3423adb6efb1c8805	Building Materials						n	0/100	0/100	1969-12-31 18:00:00.000000 -0600
===== END
===== START
===== END
===== START
B	0fc00cb393e0dc2b0c87cd8fd61edd6c	8507f900138645b824bfcad863c71635	2018-02-14 20:16:02.000000 -0600	2018-02-14 20:15:34.000000 -0600	2018-01-16 04:59:00.000000 -0600	44efec136b4ca3c3423adb6efb1c8805	Building Materials						n	0/100	0/100	1969-12-31 18:00:00.000000 -0600
===== END
===== START
C	0fc00cb393e0dc2b0c87cd8fd61edd6c	8507f900138645b824bfcad863c71635	2018-02-14 20:16:02.000000 -0600	2018-02-14 20:15:34.000000 -0600	2018-01-16 04:59:00.000000 -0600	44efec136b4ca3c3423adb6efb1c8805	Building Materials		PVC Pipe and 2x4s				n	2253/100	2253/100	1969-12-31 18:00:00.000000 -0600
C	0fc00cb393e0dc2b0c87cd8fd61edd6c	aa1a2f5361bf3add5f6b60f0892e10f2	2018-02-14 20:16:02.000000 -0600	2018-02-14 20:15:34.000000 -0600	2018-01-16 04:59:00.000000 -0600	2c5207d7341d76efee321a219bc4146f	Imbalance-USD		PVC Pipe and 2x4s				n	-2253/100	-2253/100	1969-12-31 18:00:00.000000 -0600
===== END
===== START
===== END
===== START
C	0b8bbba661f6ff2b7613736caab8ee4d	505443742ce5b43181b48b760cd69a20	2018-02-14 20:16:58.000000 -0600	2018-02-14 20:16:58.000000 -0600	2018-01-16 04:59:00.000000 -0600	9df4457e8e5a34a6c80788cba0970809	Tools		Canola Oil				n	319/100	319/100	1969-12-31 18:00:00.000000 -0600
C	0b8bbba661f6ff2b7613736caab8ee4d	484ae6b9e65e84c6d25f503a7554a5cb	2018-02-14 20:16:58.000000 -0600	2018-02-14 20:16:58.000000 -0600	2018-01-16 04:59:00.000000 -0600	2c5207d7341d76efee321a219bc4146f	Imbalance-USD		Canola Oil				n	-319/100	-319/100	1969-12-31 18:00:00.000000 -0600
===== END
===== START
===== END
===== START
===== END
===== START
C	3bc5c78af2e65409d5da9b923c690744	85017edc0c7f9485c973cd69863a631a	2018-02-14 20:18:30.000000 -0600	2018-02-14 20:18:30.000000 -0600	2018-01-27 04:59:00.000000 -0600	2558899bd090627182e57c46ef343ada	Starting Balance		The maximum amount I am willing to spend.				n	-150000/100	-150000/100	1969-12-31 18:00:00.000000 -0600
C	3bc5c78af2e65409d5da9b923c690744	fcce2961e0d41491f9d1b4d707d2e370	2018-02-14 20:18:30.000000 -0600	2018-02-14 20:18:30.000000 -0600	2018-01-27 04:59:00.000000 -0600	2c5207d7341d76efee321a219bc4146f	Imbalance-USD		The maximum amount I am willing to spend.				n	150000/100	150000/100	1969-12-31 18:00:00.000000 -0600
===== END
===== START
===== END
===== START
===== END
===== START
C	4a93dd243c8b68a6d31da949b996d18f	12afd0c39d42397380a64f35151cdc64	2018-02-14 20:19:42.000000 -0600	2018-02-14 20:19:42.000000 -0600	2018-01-28 04:59:00.000000 -0600	2c5207d7341d76efee321a219bc4146f	Charge Account		Backlight				n	0/100	0/100	1969-12-31 18:00:00.000000 -0600
===== END
===== START
===== END
===== START
B	4a93dd243c8b68a6d31da949b996d18f	12afd0c39d42397380a64f35151cdc64	2018-02-14 20:20:01.000000 -0600	2018-02-14 20:19:42.000000 -0600	2018-01-28 04:59:00.000000 -0600	2c5207d7341d76efee321a219bc4146f	Charge Account		Backlight				n	0/100	0/100	1969-12-31 18:00:00.000000 -0600
===== END
===== START
C	4a93dd243c8b68a6d31da949b996d18f	12afd0c39d42397380a64f35151cdc64	2018-02-14 20:20:01.000000 -0600	2018-02-14 20:19:42.000000 -0600	2018-01-28 04:59:00.000000 -0600	2c5207d7341d76efee321a219bc4146f	Charge Account		Backlight				n	-1299/100	-1299/100	1969-12-31 18:00:00.000000 -0600
C	4a93dd243c8b68a6d31da949b996d18f	a4cd114a57c88e7e725c4d4cfded81ec	2018-02-14 20:20:01.000000 -0600	2018-02-14 20:19:42.000000 -0600	2018-01-28 04:59:00.000000 -0600	adbae3caa785631927e7e1f886ba0f55	Printing Supplies		Backlight				n	1299/100	1299/100	1969-12-31 18:00:00.000000 -0600
===== END
