mod	trans_guid	split_guid	time_now	date_entered	date_posted	acc_guid	acc_name	num	description	notes	memo	action	reconciled	amount	value	date_reconciled
-----------------
===== START
C	382616785280e83bb7e491c58e3eeb48	81e12ae906d5db33b0e82a3ed10f3dd6	2018-02-14 20:40:31.000000 -0600	2018-02-14 20:40:31.000000 -0600	2018-01-07 04:59:00.000000 -0600	2c5207d7341d76efee321a219bc4146f	Charge Account		Ribbon Cable and Connectors				n	-2205/100	-2205/100	1969-12-31 18:00:00.000000 -0600
C	382616785280e83bb7e491c58e3eeb48	b5f6f8325eb0c4a2e38db6a5ba4e08d7	2018-02-14 20:40:31.000000 -0600	2018-02-14 20:40:31.000000 -0600	2018-01-07 04:59:00.000000 -0600	ef897fb5157c450cc888ce2e26f019a2	Electronics		Ribbon Cable and Connectors				n	2205/100	2205/100	1969-12-31 18:00:00.000000 -0600
===== END
===== START
===== END
===== START
C	c1c76cb11eead7143f4230d336ae1b7e	f7d40a1a3b9371788f99494453c19bb6	2018-02-14 20:40:49.000000 -0600	2018-02-14 20:40:49.000000 -0600	2018-01-07 04:59:00.000000 -0600	2c5207d7341d76efee321a219bc4146f	Charge Account		Emulsion Scoop Coater				n	-1185/100	-1185/100	1969-12-31 18:00:00.000000 -0600
C	c1c76cb11eead7143f4230d336ae1b7e	6df3f5d83c04863d5d96776e0cab8b4b	2018-02-14 20:40:49.000000 -0600	2018-02-14 20:40:49.000000 -0600	2018-01-07 04:59:00.000000 -0600	9df4457e8e5a34a6c80788cba0970809	Tools		Emulsion Scoop Coater				n	1185/100	1185/100	1969-12-31 18:00:00.000000 -0600
===== END
===== START
===== END
===== START
C	bf53dccc05acc9fdbd55a0b237bf5807	c147ca24af2dbf1addfd9507f7fa21ea	2018-02-14 20:43:00.000000 -0600	2018-02-14 20:43:00.000000 -0600	2018-01-07 04:59:00.000000 -0600	2c5207d7341d76efee321a219bc4146f	Charge Account		Bearings, Brass Fittings, Solenoid Valves				n	-3984/100	-3984/100	1969-12-31 18:00:00.000000 -0600
C	bf53dccc05acc9fdbd55a0b237bf5807	75e1e806f73091ffdd9cc6651f49c28b	2018-02-14 20:43:00.000000 -0600	2018-02-14 20:43:00.000000 -0600	2018-01-07 04:59:00.000000 -0600	44efec136b4ca3c3423adb6efb1c8805	Building Materials		Bearings, Brass Fittings, Solenoid Valves				n	3984/100	3984/100	1969-12-31 18:00:00.000000 -0600
===== END
===== START
===== END
===== START
C	a9c4eb2e43d8adf984100be1db3207d4	33a4a86bf7c458a20fd8e781935ba488	2018-02-14 20:43:34.000000 -0600	2018-02-14 20:43:34.000000 -0600	2018-01-07 04:59:00.000000 -0600	2c5207d7341d76efee321a219bc4146f	Charge Account		Emulsion and Hardener				n	-818/100	-818/100	1969-12-31 18:00:00.000000 -0600
C	a9c4eb2e43d8adf984100be1db3207d4	d1294f6274d3df8dc001a2b155b56fbe	2018-02-14 20:43:34.000000 -0600	2018-02-14 20:43:34.000000 -0600	2018-01-07 04:59:00.000000 -0600	adbae3caa785631927e7e1f886ba0f55	Printing Supplies		Emulsion and Hardener				n	818/100	818/100	1969-12-31 18:00:00.000000 -0600
===== END
===== START
===== END
===== START
C	8d8fe43d94289be403d8b2eb8e1afb8a	5be5770a5efc7100cf0b3c040423bfdf	2018-02-14 20:44:17.000000 -0600	2018-02-14 20:44:17.000000 -0600	2018-01-07 04:59:00.000000 -0600	2c5207d7341d76efee321a219bc4146f	Charge Account		Power Supply and Pin Headers				n	-2900/100	-2900/100	1969-12-31 18:00:00.000000 -0600
C	8d8fe43d94289be403d8b2eb8e1afb8a	d72888100461dfbc30b4d62a003c050d	2018-02-14 20:44:17.000000 -0600	2018-02-14 20:44:17.000000 -0600	2018-01-07 04:59:00.000000 -0600	ef897fb5157c450cc888ce2e26f019a2	Electronics		Power Supply and Pin Headers				n	2900/100	2900/100	1969-12-31 18:00:00.000000 -0600
===== END
===== START
===== END
===== START
C	43ab85a6a42ebe2ff6a3fc26a4ee9c27	5748567b338b564cddfda07e7757c21b	2018-02-14 20:45:02.000000 -0600	2018-02-14 20:45:02.000000 -0600	2018-01-07 04:59:00.000000 -0600	2c5207d7341d76efee321a219bc4146f	Charge Account		Ribbon Cable Crimp Tool and Silk Screen Squeegee				n	-2796/100	-2796/100	1969-12-31 18:00:00.000000 -0600
C	43ab85a6a42ebe2ff6a3fc26a4ee9c27	af4d4c5181131532a23abb43f4863ed2	2018-02-14 20:45:02.000000 -0600	2018-02-14 20:45:02.000000 -0600	2018-01-07 04:59:00.000000 -0600	9df4457e8e5a34a6c80788cba0970809	Tools		Ribbon Cable Crimp Tool and Silk Screen Squeegee				n	2796/100	2796/100	1969-12-31 18:00:00.000000 -0600
===== END
===== START
===== END
