mod	trans_guid	split_guid	time_now	date_entered	date_posted	acc_guid	acc_name	num	description	notes	memo	action	reconciled	amount	value	date_reconciled
-----------------
===== START
C	ea002c632eb539491159dfb9e8298282	9740f3173674be412138f681ff792953	2018-02-14 20:20:44.000000 -0600	2018-02-14 20:20:44.000000 -0600	2018-01-28 04:59:00.000000 -0600	2c5207d7341d76efee321a219bc4146f	Charge Account		GFCI Outlet - DIY Extension Cord				n	-1700/100	-1700/100	1969-12-31 18:00:00.000000 -0600
C	ea002c632eb539491159dfb9e8298282	7242566ed201e0315006eb40d779afd3	2018-02-14 20:20:44.000000 -0600	2018-02-14 20:20:44.000000 -0600	2018-01-28 04:59:00.000000 -0600	44efec136b4ca3c3423adb6efb1c8805	Building Materials		GFCI Outlet - DIY Extension Cord				n	1700/100	1700/100	1969-12-31 18:00:00.000000 -0600
===== END
===== START
===== END
===== START
C	2c770972fa8515d32e815fd8f6f87e2a	58a31b552efc8235351a96491d7391bf	2018-02-14 20:22:55.000000 -0600	2018-02-14 20:22:55.000000 -0600	2018-02-06 04:59:00.000000 -0600	2c5207d7341d76efee321a219bc4146f	Charge Account		Lumber, Screws, Etc.				n	-3749/100	-3749/100	1969-12-31 18:00:00.000000 -0600
C	2c770972fa8515d32e815fd8f6f87e2a	5755502cb1b7da66c5f7c81294a907c2	2018-02-14 20:22:55.000000 -0600	2018-02-14 20:22:55.000000 -0600	2018-02-06 04:59:00.000000 -0600	44efec136b4ca3c3423adb6efb1c8805	Building Materials		Lumber, Screws, Etc.				n	3749/100	3749/100	1969-12-31 18:00:00.000000 -0600
===== END
===== START
===== END
===== START
C	ceda445f53c028365426808ef2b234d4	432fe211b610f0d615b52050396e308d	2018-02-14 20:24:19.000000 -0600	2018-02-14 20:24:19.000000 -0600	2018-01-09 04:59:00.000000 -0600	2c5207d7341d76efee321a219bc4146f	Charge Account		Plumbing Supplies, Ring Terminals				n	-1282/100	-1282/100	1969-12-31 18:00:00.000000 -0600
C	ceda445f53c028365426808ef2b234d4	1f6c45bbe15dd9062de308b06fc230f8	2018-02-14 20:24:19.000000 -0600	2018-02-14 20:24:19.000000 -0600	2018-01-09 04:59:00.000000 -0600	44efec136b4ca3c3423adb6efb1c8805	Building Materials		Plumbing Supplies, Ring Terminals				n	1282/100	1282/100	1969-12-31 18:00:00.000000 -0600
===== END
===== START
===== END
