mod	trans_guid	split_guid	time_now	date_entered	date_posted	acc_guid	acc_name	num	description	notes	memo	action	reconciled	amount	value	date_reconciled
-----------------
===== START
C	fb2b75172236ad4844035ba86474fc8c	e474596f0c646fb74c0062818c9d2d70	2018-02-14 20:51:31.000000 -0600	2018-02-14 20:51:31.000000 -0600	2018-02-03 04:59:00.000000 -0600	2c5207d7341d76efee321a219bc4146f	Charge Account		Vinal				n	-1748/100	-1748/100	1969-12-31 18:00:00.000000 -0600
C	fb2b75172236ad4844035ba86474fc8c	50f1abb6d270f7af4f6abfc8d260da2d	2018-02-14 20:51:31.000000 -0600	2018-02-14 20:51:31.000000 -0600	2018-02-03 04:59:00.000000 -0600	44efec136b4ca3c3423adb6efb1c8805	Building Materials		Vinal				n	1748/100	1748/100	1969-12-31 18:00:00.000000 -0600
===== END
===== START
===== END
===== START
C	8a99f201ba2564bb83e216f48ab9c3ba	ce8e1f4174f5db85ed9769013c8b188c	2018-02-14 20:51:55.000000 -0600	2018-02-14 20:51:55.000000 -0600	2018-02-03 04:59:00.000000 -0600	2c5207d7341d76efee321a219bc4146f	Charge Account		T-Shirt - Blank				n	-500/100	-500/100	1969-12-31 18:00:00.000000 -0600
C	8a99f201ba2564bb83e216f48ab9c3ba	1a12acf5d3c57a827df35ff9133f4b57	2018-02-14 20:51:55.000000 -0600	2018-02-14 20:51:55.000000 -0600	2018-02-03 04:59:00.000000 -0600	adbae3caa785631927e7e1f886ba0f55	Printing Supplies		T-Shirt - Blank				n	500/100	500/100	1969-12-31 18:00:00.000000 -0600
===== END
===== START
===== END
===== START
C	2b6d42748aa2ca3131b70ee7d030a913	aa92b2c753337ea4fd6007fa9ec3bd59	2018-02-14 20:53:51.000000 -0600	2018-02-14 20:53:51.000000 -0600	2018-02-12 04:59:00.000000 -0600	2c5207d7341d76efee321a219bc4146f	Charge Account		Washers, Brackets				n	-1676/100	-1676/100	1969-12-31 18:00:00.000000 -0600
C	2b6d42748aa2ca3131b70ee7d030a913	10b5be5f0a30037a8065eed3102cbb0b	2018-02-14 20:53:51.000000 -0600	2018-02-14 20:53:51.000000 -0600	2018-02-12 04:59:00.000000 -0600	44efec136b4ca3c3423adb6efb1c8805	Building Materials		Washers, Brackets				n	1676/100	1676/100	1969-12-31 18:00:00.000000 -0600
===== END
===== START
===== END
===== START
C	20eb5842e089880fd849efb7b1d5d5d6	d47107450727f0d57dfb39d72db69ef8	2018-02-14 20:55:34.000000 -0600	2018-02-14 20:55:34.000000 -0600	2018-12-01 04:59:00.000000 -0600	2c5207d7341d76efee321a219bc4146f	Charge Account		TI MSP432 Launchpad x2 LOST RECIEPT				n	-2798/100	-2798/100	1969-12-31 18:00:00.000000 -0600
C	20eb5842e089880fd849efb7b1d5d5d6	e84fc7dd92eebc45d649d8692f1f0e04	2018-02-14 20:55:34.000000 -0600	2018-02-14 20:55:34.000000 -0600	2018-12-01 04:59:00.000000 -0600	ef897fb5157c450cc888ce2e26f019a2	Electronics		TI MSP432 Launchpad x2 LOST RECIEPT				n	2798/100	2798/100	1969-12-31 18:00:00.000000 -0600
===== END
===== START
===== END
===== START
B	20eb5842e089880fd849efb7b1d5d5d6	e84fc7dd92eebc45d649d8692f1f0e04	2018-02-14 20:55:45.000000 -0600	2018-02-14 20:55:34.000000 -0600	2018-12-01 04:59:00.000000 -0600	ef897fb5157c450cc888ce2e26f019a2	Electronics		TI MSP432 Launchpad x2 LOST RECIEPT				n	2798/100	2798/100	1969-12-31 18:00:00.000000 -0600
B	20eb5842e089880fd849efb7b1d5d5d6	d47107450727f0d57dfb39d72db69ef8	2018-02-14 20:55:45.000000 -0600	2018-02-14 20:55:34.000000 -0600	2018-12-01 04:59:00.000000 -0600	2c5207d7341d76efee321a219bc4146f	Charge Account		TI MSP432 Launchpad x2 LOST RECIEPT				n	-2798/100	-2798/100	1969-12-31 18:00:00.000000 -0600
===== END
===== START
C	20eb5842e089880fd849efb7b1d5d5d6	e84fc7dd92eebc45d649d8692f1f0e04	2018-02-14 20:55:45.000000 -0600	2018-02-14 20:55:34.000000 -0600	2017-12-01 04:59:00.000000 -0600	ef897fb5157c450cc888ce2e26f019a2	Electronics		TI MSP432 Launchpad x2 LOST RECIEPT				n	2798/100	2798/100	1969-12-31 18:00:00.000000 -0600
C	20eb5842e089880fd849efb7b1d5d5d6	d47107450727f0d57dfb39d72db69ef8	2018-02-14 20:55:45.000000 -0600	2018-02-14 20:55:34.000000 -0600	2017-12-01 04:59:00.000000 -0600	2c5207d7341d76efee321a219bc4146f	Charge Account		TI MSP432 Launchpad x2 LOST RECIEPT				n	-2798/100	-2798/100	1969-12-31 18:00:00.000000 -0600
===== END
